actionid=py2.7
msg=installpkg
cmdargs=[local('/Users/esperyong/Develop/pyprojects/hwbuluo-gis/.tox/py2.7/bin/pip'), 'install', '--pre', '/Users/esperyong/Develop/pyprojects/hwbuluo-gis/.tox/dist/hwbuluo-gis-0.0.1.zip']
env={'PYTHONIOENCODING': 'utf_8', 'VERSIONER_PYTHON_PREFER_32_BIT': 'no', 'TERM_PROGRAM_VERSION': '326', 'LOGNAME': 'esperyong', 'USER': 'esperyong', 'PATH': '/Users/esperyong/Develop/pyprojects/hwbuluo-gis/.tox/py2.7/bin:/Users/esperyong/Develop/pyprojects/hwbuluo-gis/venv/bin:/usr/local/Cellar/mysql55/5.5.30/bin:/Users/esperyong/bin/:/usr/local/bin:/usr/local/sbin:/usr/bin:/bin:/usr/sbin:/sbin:/usr/local/bin', 'HOME': '/Users/esperyong', 'PS1': '(venv)\\h:\\W \\u\\$ ', 'TERM_PROGRAM': 'Apple_Terminal', 'LANG': 'zh_CN.UTF-8', 'TERM': 'xterm-256color', 'Apple_PubSub_Socket_Render': '/tmp/launch-dgl36C/Render', 'VERSIONER_PYTHON_VERSION': '2.7', 'SHLVL': '1', 'PYTHONHASHSEED': '1432539060', '_': '/Users/esperyong/Develop/pyprojects/hwbuluo-gis/venv/bin/tox', 'SVN_EDITOR': 'vi', 'TERM_SESSION_ID': '74A67292-B22D-420E-8A4D-010DE10942F6', 'SSH_AUTH_SOCK': '/tmp/launch-EN2o0w/Listeners', 'VIRTUAL_ENV': '/Users/esperyong/Develop/pyprojects/hwbuluo-gis/venv', 'DYLD_LIBRARY_PATH': '/usr/local/Cellar/mysql55/5.5.30/lib/', 'SHELL': '/bin/bash', 'VERSIONER_PYTHON_PREFER_64_BIT': 'yes', 'TMPDIR': '/var/folders/z0/ftwxm8cj07db5903d26lj78w0000gn/T/', 'OLDPWD': '/Users/esperyong/develop/pyprojects', '__CF_USER_TEXT_ENCODING': '0x1F5:25:52', 'PWD': '/Users/esperyong/develop/pyprojects/hwbuluo-gis', '__CHECKFIX1436934': '1'}
Unpacking ./.tox/dist/hwbuluo-gis-0.0.1.zip
  Running setup.py (path:/var/folders/z0/ftwxm8cj07db5903d26lj78w0000gn/T/pip-6HmlxQ-build/setup.py) egg_info for package from file:///Users/esperyong/Develop/pyprojects/hwbuluo-gis/.tox/dist/hwbuluo-gis-0.0.1.zip
    [ERROR] Cannot find file specified as ``long_description`` (README.mkd)
    
Downloading/unpacking gpxpy (from hwbuluo-gis==0.0.1)
  Downloading gpxpy-0.9.8.tar.gz
  Running setup.py (path:/Users/esperyong/Develop/pyprojects/hwbuluo-gis/.tox/py2.7/build/gpxpy/setup.py) egg_info for package gpxpy
    
Downloading/unpacking lxml>=3.3.5 (from hwbuluo-gis==0.0.1)
  Running setup.py (path:/Users/esperyong/Develop/pyprojects/hwbuluo-gis/.tox/py2.7/build/lxml/setup.py) egg_info for package lxml
    /System/Library/Frameworks/Python.framework/Versions/2.7/lib/python2.7/distutils/dist.py:267: UserWarning: Unknown distribution option: 'bugtrack_url'
      warnings.warn(msg)
    Building lxml version 3.3.5.
    Building without Cython.
    Using build configuration of libxslt 1.1.28
    
    warning: no previously-included files found matching '*.py'
Downloading/unpacking requests (from hwbuluo-gis==0.0.1)
Installing collected packages: gpxpy, lxml, requests, hwbuluo-gis
  Running setup.py install for gpxpy
    changing mode of build/scripts-2.7/gpxinfo from 644 to 755
    
    changing mode of /Users/esperyong/Develop/pyprojects/hwbuluo-gis/.tox/py2.7/bin/gpxinfo to 755
  Running setup.py install for lxml
    /System/Library/Frameworks/Python.framework/Versions/2.7/lib/python2.7/distutils/dist.py:267: UserWarning: Unknown distribution option: 'bugtrack_url'
      warnings.warn(msg)
    Building lxml version 3.3.5.
    Building without Cython.
    Using build configuration of libxslt 1.1.28
    building 'lxml.etree' extension
    cc -fno-strict-aliasing -fno-common -dynamic -arch x86_64 -arch i386 -g -Os -pipe -fno-common -fno-strict-aliasing -fwrapv -DENABLE_DTRACE -DMACOSX -DNDEBUG -Wall -Wstrict-prototypes -Wshorten-64-to-32 -DNDEBUG -g -fwrapv -Os -Wall -Wstrict-prototypes -DENABLE_DTRACE -arch x86_64 -arch i386 -pipe -I/usr/include/libxml2 -I/Users/esperyong/Develop/pyprojects/hwbuluo-gis/.tox/py2.7/build/lxml/src/lxml/includes -I/System/Library/Frameworks/Python.framework/Versions/2.7/include/python2.7 -c src/lxml/lxml.etree.c -o build/temp.macosx-10.9-intel-2.7/src/lxml/lxml.etree.o -w -flat_namespace
    cc -bundle -undefined dynamic_lookup -arch x86_64 -arch i386 -Wl,-F. build/temp.macosx-10.9-intel-2.7/src/lxml/lxml.etree.o -lxslt -lexslt -lxml2 -lz -lm -o build/lib.macosx-10.9-intel-2.7/lxml/etree.so
    building 'lxml.objectify' extension
    cc -fno-strict-aliasing -fno-common -dynamic -arch x86_64 -arch i386 -g -Os -pipe -fno-common -fno-strict-aliasing -fwrapv -DENABLE_DTRACE -DMACOSX -DNDEBUG -Wall -Wstrict-prototypes -Wshorten-64-to-32 -DNDEBUG -g -fwrapv -Os -Wall -Wstrict-prototypes -DENABLE_DTRACE -arch x86_64 -arch i386 -pipe -I/usr/include/libxml2 -I/Users/esperyong/Develop/pyprojects/hwbuluo-gis/.tox/py2.7/build/lxml/src/lxml/includes -I/System/Library/Frameworks/Python.framework/Versions/2.7/include/python2.7 -c src/lxml/lxml.objectify.c -o build/temp.macosx-10.9-intel-2.7/src/lxml/lxml.objectify.o -w -flat_namespace
    cc -bundle -undefined dynamic_lookup -arch x86_64 -arch i386 -Wl,-F. build/temp.macosx-10.9-intel-2.7/src/lxml/lxml.objectify.o -lxslt -lexslt -lxml2 -lz -lm -o build/lib.macosx-10.9-intel-2.7/lxml/objectify.so
    
  Running setup.py install for hwbuluo-gis
    [ERROR] Cannot find file specified as ``long_description`` (README.mkd)
    
Successfully installed gpxpy lxml requests hwbuluo-gis
Cleaning up...
