actionid=py26
msg=getenv
cmdargs=[local('/Users/esperyong/Develop/pyprojects/hwbuluo-gis/.tox/py26/bin/pip'), 'install', '--pre', 'pytest       # install pytest in the venvs']
env={'PYTHONIOENCODING': 'utf_8', 'VERSIONER_PYTHON_PREFER_32_BIT': 'no', 'TERM_PROGRAM_VERSION': '326', 'LOGNAME': 'esperyong', 'USER': 'esperyong', 'PATH': '/Users/esperyong/Develop/pyprojects/hwbuluo-gis/.tox/py26/bin:/Users/esperyong/Develop/pyprojects/hwbuluo-gis/venv/bin:/usr/local/Cellar/mysql55/5.5.30/bin:/Users/esperyong/bin/:/usr/local/bin:/usr/local/sbin:/usr/bin:/bin:/usr/sbin:/sbin:/usr/local/bin', 'HOME': '/Users/esperyong', 'PS1': '(venv)\\h:\\W \\u\\$ ', 'TERM_PROGRAM': 'Apple_Terminal', 'LANG': 'zh_CN.UTF-8', 'TERM': 'xterm-256color', 'Apple_PubSub_Socket_Render': '/tmp/launch-dgl36C/Render', 'VERSIONER_PYTHON_VERSION': '2.7', 'SHLVL': '1', 'PYTHONHASHSEED': '570449661', '_': '/Users/esperyong/Develop/pyprojects/hwbuluo-gis/venv/bin/tox', 'SVN_EDITOR': 'vi', 'TERM_SESSION_ID': '74A67292-B22D-420E-8A4D-010DE10942F6', 'SSH_AUTH_SOCK': '/tmp/launch-EN2o0w/Listeners', 'VIRTUAL_ENV': '/Users/esperyong/Develop/pyprojects/hwbuluo-gis/venv', 'DYLD_LIBRARY_PATH': '/usr/local/Cellar/mysql55/5.5.30/lib/', 'SHELL': '/bin/bash', 'VERSIONER_PYTHON_PREFER_64_BIT': 'yes', 'TMPDIR': '/var/folders/z0/ftwxm8cj07db5903d26lj78w0000gn/T/', 'OLDPWD': '/Users/esperyong/develop/pyprojects', '__CF_USER_TEXT_ENCODING': '0x1F5:25:52', 'PWD': '/Users/esperyong/develop/pyprojects/hwbuluo-gis', '__CHECKFIX1436934': '1'}
Downloading/unpacking pytest
  Running setup.py (path:/Users/esperyong/Develop/pyprojects/hwbuluo-gis/.tox/py26/build/pytest/setup.py) egg_info for package pytest
Downloading/unpacking py>=1.4.20 (from pytest)
  Running setup.py (path:/Users/esperyong/Develop/pyprojects/hwbuluo-gis/.tox/py26/build/py/setup.py) egg_info for package py
Downloading/unpacking argparse (from pytest)
  Running setup.py (path:/Users/esperyong/Develop/pyprojects/hwbuluo-gis/.tox/py26/build/argparse/setup.py) egg_info for package argparse
    warning: no previously-included files matching '*.pyc' found anywhere in distribution
    warning: no previously-included files matching '*.pyo' found anywhere in distribution
    warning: no previously-included files matching '*.orig' found anywhere in distribution
    warning: no previously-included files matching '*.rej' found anywhere in distribution
    no previously-included directories found matching 'doc/_build'
    no previously-included directories found matching 'env24'
    no previously-included directories found matching 'env25'
    no previously-included directories found matching 'env26'
    no previously-included directories found matching 'env27'
Installing collected packages: pytest, py, argparse
  Running setup.py install for pytest
    Installing py.test script to /Users/esperyong/Develop/pyprojects/hwbuluo-gis/.tox/py26/bin
    Installing py.test-2.6 script to /Users/esperyong/Develop/pyprojects/hwbuluo-gis/.tox/py26/bin
  Running setup.py install for py
  Running setup.py install for argparse
    warning: no previously-included files matching '*.pyc' found anywhere in distribution
    warning: no previously-included files matching '*.pyo' found anywhere in distribution
    warning: no previously-included files matching '*.orig' found anywhere in distribution
    warning: no previously-included files matching '*.rej' found anywhere in distribution
    no previously-included directories found matching 'doc/_build'
    no previously-included directories found matching 'env24'
    no previously-included directories found matching 'env25'
    no previously-included directories found matching 'env26'
    no previously-included directories found matching 'env27'
Successfully installed pytest py argparse
Cleaning up...
